2023-07-07 16:10:43 - INFO: SR, CC, SF: 48000, 2, F32
2023-07-07 16:10:43 - INFO: Found device: Headphones (Realtek(R) Audio)
2023-07-07 16:10:43 - INFO: Found device: Speakers (Realtek(R) Audio)
2023-07-07 16:10:43 - INFO: Found device: PL3461WQ (NVIDIA High Definition Audio)
2023-07-07 16:10:43 - INFO: SR, CC, SF: 48000, 2, F32
2023-07-07 16:10:43 - INFO: SR, CC, SF: 48000, 2, F32
2023-07-07 16:10:43 - DEBUG: found a possible format marker within [52, 49, 46, 46, b8, 2e, 0, 0, 57, 41, 56, 45, 66, 6d, 74, 20] @ 0+2 bytes.
2023-07-07 16:10:43 - INFO: found the format marker [52, 49, 46, 46] @ 0+2 bytes.
2023-07-07 16:10:43 - INFO: SR, CC, SF: 48000, 2, F32
2023-07-07 16:10:43 - INFO: SR, CC, SF: 48000, 2, F32
2023-07-07 16:10:43 - WARN: Playing song with 1 channels while the player has 2 channels
2023-07-07 16:10:43 - DEBUG: Ending resampling thread.
2023-07-07 16:10:44 - INFO: SR, CC, SF: 48000, 2, F32
2023-07-07 16:10:44 - WARN: Playing song with 1 channels while the player has 2 channels
2023-07-07 16:10:44 - DEBUG: Ending resampling thread.
2023-07-07 16:10:45 - INFO: Loaded 5446 songs from CSV
2023-07-07 16:10:47 - INFO: SR, CC, SF: 48000, 2, F32
2023-07-07 16:10:47 - WARN: Playing song with 1 channels while the player has 2 channels
2023-07-07 16:10:48 - DEBUG: Ending resampling thread.
2023-07-07 16:10:49 - INFO: SR, CC, SF: 48000, 2, F32
2023-07-07 16:10:49 - WARN: Playing song with 1 channels while the player has 2 channels
2023-07-07 16:10:49 - DEBUG: Ending resampling thread.
2023-07-07 16:10:49 - INFO: SR, CC, SF: 48000, 2, F32
2023-07-07 16:10:49 - WARN: Playing song with 1 channels while the player has 2 channels
2023-07-07 16:10:50 - DEBUG: Ending resampling thread.
2023-07-07 16:10:50 - INFO: SR, CC, SF: 48000, 2, F32
2023-07-07 16:10:50 - WARN: Playing song with 1 channels while the player has 2 channels
2023-07-07 16:10:50 - DEBUG: Ending resampling thread.
2023-07-07 16:10:50 - INFO: SR, CC, SF: 48000, 2, F32
2023-07-07 16:10:50 - WARN: Playing song with 1 channels while the player has 2 channels
2023-07-07 16:10:51 - DEBUG: Ending resampling thread.
2023-07-07 16:10:51 - INFO: SR, CC, SF: 48000, 2, F32
2023-07-07 16:10:51 - WARN: Playing song with 1 channels while the player has 2 channels
2023-07-07 16:10:51 - DEBUG: Ending resampling thread.
2023-07-07 16:10:51 - INFO: SR, CC, SF: 48000, 2, F32
2023-07-07 16:10:51 - WARN: Playing song with 1 channels while the player has 2 channels
2023-07-07 16:10:52 - DEBUG: Ending resampling thread.
2023-07-07 16:10:52 - INFO: SR, CC, SF: 48000, 2, F32
2023-07-07 16:10:52 - WARN: Playing song with 1 channels while the player has 2 channels
2023-07-07 16:10:52 - DEBUG: Ending resampling thread.
2023-07-07 16:10:52 - INFO: SR, CC, SF: 48000, 2, F32
2023-07-07 16:10:52 - WARN: Playing song with 1 channels while the player has 2 channels
2023-07-07 16:10:52 - DEBUG: Ending resampling thread.
2023-07-07 16:10:52 - INFO: SR, CC, SF: 48000, 2, F32
2023-07-07 16:10:52 - WARN: Playing song with 1 channels while the player has 2 channels
2023-07-07 16:10:52 - DEBUG: Ending resampling thread.
2023-07-07 16:10:53 - INFO: SR, CC, SF: 48000, 2, F32
2023-07-07 16:10:53 - WARN: Playing song with 1 channels while the player has 2 channels
2023-07-07 16:10:53 - DEBUG: Ending resampling thread.
2023-07-07 16:10:53 - INFO: SR, CC, SF: 48000, 2, F32
2023-07-07 16:10:53 - WARN: Playing song with 1 channels while the player has 2 channels
2023-07-07 16:10:53 - DEBUG: Ending resampling thread.
2023-07-07 16:10:54 - INFO: SR, CC, SF: 48000, 2, F32
2023-07-07 16:10:54 - WARN: Playing song with 1 channels while the player has 2 channels
2023-07-07 16:10:54 - DEBUG: Ending resampling thread.
2023-07-07 16:10:54 - INFO: SR, CC, SF: 48000, 2, F32
2023-07-07 16:10:54 - WARN: Playing song with 1 channels while the player has 2 channels
2023-07-07 16:10:54 - DEBUG: Ending resampling thread.
2023-07-07 16:10:54 - INFO: SR, CC, SF: 48000, 2, F32
2023-07-07 16:10:54 - WARN: Playing song with 1 channels while the player has 2 channels
2023-07-07 16:10:55 - DEBUG: Ending resampling thread.
2023-07-07 16:10:55 - INFO: SR, CC, SF: 48000, 2, F32
2023-07-07 16:10:55 - WARN: Playing song with 1 channels while the player has 2 channels
2023-07-07 16:10:55 - DEBUG: Ending resampling thread.
2023-07-07 16:10:55 - INFO: SR, CC, SF: 48000, 2, F32
2023-07-07 16:10:55 - WARN: Playing song with 1 channels while the player has 2 channels
2023-07-07 16:10:55 - DEBUG: Ending resampling thread.
2023-07-07 16:10:55 - INFO: SR, CC, SF: 48000, 2, F32
2023-07-07 16:10:55 - WARN: Playing song with 1 channels while the player has 2 channels
2023-07-07 16:10:55 - DEBUG: Ending resampling thread.
2023-07-07 16:10:55 - INFO: SR, CC, SF: 48000, 2, F32
2023-07-07 16:10:55 - WARN: Playing song with 1 channels while the player has 2 channels
2023-07-07 16:10:56 - DEBUG: Ending resampling thread.
2023-07-07 16:10:56 - INFO: SR, CC, SF: 48000, 2, F32
2023-07-07 16:10:56 - WARN: Playing song with 1 channels while the player has 2 channels
2023-07-07 16:10:56 - DEBUG: Ending resampling thread.
2023-07-07 16:10:56 - INFO: SR, CC, SF: 48000, 2, F32
2023-07-07 16:10:56 - WARN: Playing song with 1 channels while the player has 2 channels
2023-07-07 16:10:56 - DEBUG: Ending resampling thread.
2023-07-07 16:10:58 - INFO: SR, CC, SF: 48000, 2, F32
2023-07-07 16:10:58 - INFO: SR, CC, SF: 48000, 2, F32
2023-07-07 16:10:58 - WARN: Playing song with 1 channels while the player has 2 channels
2023-07-07 16:10:58 - DEBUG: Ending resampling thread.
2023-07-07 16:10:58 - INFO: SR, CC, SF: 48000, 2, F32
2023-07-07 16:10:58 - INFO: SR, CC, SF: 48000, 2, F32
2023-07-07 16:10:58 - WARN: Playing song with 1 channels while the player has 2 channels
2023-07-07 16:10:58 - DEBUG: Ending resampling thread.
2023-07-07 16:10:58 - INFO: SR, CC, SF: 48000, 2, F32
2023-07-07 16:10:59 - INFO: SR, CC, SF: 48000, 2, F32
2023-07-07 16:10:59 - WARN: Playing song with 1 channels while the player has 2 channels
