2023-06-08 18:29:58 - INFO: Set playback speed to 0.5
2023-06-08 18:29:58 - INFO: Set playback speed to 0.5
2023-06-08 18:29:58 - INFO: Set playback speed to 0.5
2023-06-08 18:29:58 - INFO: Set playback speed to 0.5
2023-06-08 18:29:58 - INFO: Set playback speed to 0.51
2023-06-08 18:29:58 - INFO: Set playback speed to 0.52
2023-06-08 18:29:58 - INFO: Set playback speed to 0.53
2023-06-08 18:29:58 - INFO: Set playback speed to 0.54
2023-06-08 18:29:58 - INFO: Set playback speed to 0.55
2023-06-08 18:29:58 - INFO: Set playback speed to 0.56
2023-06-08 18:29:58 - INFO: Set playback speed to 0.5700000000000001
2023-06-08 18:29:58 - INFO: Set playback speed to 0.5800000000000001
2023-06-08 18:29:59 - INFO: Set playback speed to 0.5900000000000001
2023-06-08 18:29:59 - INFO: Set playback speed to 0.6000000000000001
2023-06-08 18:29:59 - INFO: Set playback speed to 0.6100000000000001
2023-06-08 18:29:59 - INFO: Set playback speed to 0.6200000000000001
2023-06-08 18:29:59 - INFO: Set playback speed to 0.6300000000000001
2023-06-08 18:29:59 - INFO: Set playback speed to 0.6400000000000001
2023-06-08 18:29:59 - INFO: Set playback speed to 0.6500000000000001
2023-06-08 18:29:59 - INFO: Set playback speed to 0.6600000000000001
2023-06-08 18:29:59 - INFO: Set playback speed to 0.6700000000000002
2023-06-08 18:29:59 - INFO: Set playback speed to 0.6800000000000002
2023-06-08 18:29:59 - INFO: Set playback speed to 0.6900000000000002
2023-06-08 18:29:59 - INFO: Set playback speed to 0.7000000000000002
2023-06-08 18:29:59 - INFO: Set playback speed to 0.7100000000000002
2023-06-08 18:29:59 - INFO: Set playback speed to 0.7200000000000002
2023-06-08 18:29:59 - INFO: Set playback speed to 0.7300000000000002
2023-06-08 18:29:59 - INFO: Set playback speed to 0.7400000000000002
2023-06-08 18:29:59 - INFO: Set playback speed to 0.7500000000000002
2023-06-08 18:29:59 - INFO: Set playback speed to 0.7600000000000002
2023-06-08 18:29:59 - INFO: Set playback speed to 0.7700000000000002
2023-06-08 18:29:59 - INFO: Set playback speed to 0.7800000000000002
2023-06-08 18:29:59 - INFO: Set playback speed to 0.7900000000000003
2023-06-08 18:29:59 - INFO: Set playback speed to 0.8000000000000003
2023-06-08 18:29:59 - INFO: Set playback speed to 0.8100000000000003
2023-06-08 18:29:59 - INFO: Set playback speed to 0.8200000000000003
2023-06-08 18:29:59 - INFO: Set playback speed to 0.8300000000000003
2023-06-08 18:29:59 - INFO: Set playback speed to 0.8400000000000003
2023-06-08 18:29:59 - INFO: Set playback speed to 0.8500000000000003
2023-06-08 18:29:59 - INFO: Set playback speed to 0.8600000000000003
2023-06-08 18:30:00 - INFO: Set playback speed to 0.8700000000000003
2023-06-08 18:30:00 - INFO: Set playback speed to 0.8800000000000003
2023-06-08 18:30:00 - INFO: Set playback speed to 0.8900000000000003
2023-06-08 18:30:00 - INFO: Set playback speed to 0.9000000000000004
2023-06-08 18:30:00 - INFO: Set playback speed to 0.9100000000000004
2023-06-08 18:30:00 - INFO: Set playback speed to 0.9200000000000004
2023-06-08 18:30:00 - INFO: Set playback speed to 0.9300000000000004
2023-06-08 18:30:00 - INFO: Set playback speed to 0.9400000000000004
2023-06-08 18:30:00 - INFO: Set playback speed to 0.9500000000000004
2023-06-08 18:30:00 - INFO: Set playback speed to 0.9600000000000004
2023-06-08 18:30:00 - INFO: Set playback speed to 0.9700000000000004
2023-06-08 18:30:00 - INFO: Set playback speed to 0.9800000000000004
2023-06-08 18:30:00 - INFO: Set playback speed to 0.9900000000000004
2023-06-08 18:30:00 - INFO: Set playback speed to 1.0000000000000004
2023-06-08 18:30:00 - INFO: Set playback speed to 1.0100000000000005
2023-06-08 18:30:00 - INFO: Set playback speed to 1.0200000000000005
2023-06-08 18:30:00 - INFO: Set playback speed to 1.0300000000000005
2023-06-08 18:30:00 - INFO: Set playback speed to 1.0400000000000005
2023-06-08 18:30:00 - INFO: Set playback speed to 1.0500000000000005
2023-06-08 18:30:00 - INFO: Set playback speed to 1.0600000000000005
2023-06-08 18:30:00 - INFO: Set playback speed to 1.0700000000000005
2023-06-08 18:30:00 - INFO: Set playback speed to 1.0800000000000005
2023-06-08 18:30:00 - INFO: Set playback speed to 1.0900000000000005
2023-06-08 18:30:00 - INFO: Set playback speed to 1.1000000000000005
2023-06-08 18:30:00 - INFO: Set playback speed to 1.1100000000000005
2023-06-08 18:30:00 - INFO: Set playback speed to 1.1200000000000006
2023-06-08 18:30:00 - INFO: Set playback speed to 1.1300000000000006
2023-06-08 18:30:00 - INFO: Set playback speed to 1.1400000000000006
2023-06-08 18:30:01 - INFO: Set playback speed to 1.1500000000000006
2023-06-08 18:30:01 - INFO: Set playback speed to 1.1600000000000006
2023-06-08 18:30:01 - INFO: Set playback speed to 1.1700000000000006
2023-06-08 18:30:01 - INFO: Set playback speed to 1.1800000000000006
2023-06-08 18:30:01 - INFO: Set playback speed to 1.1900000000000006
2023-06-08 18:30:01 - INFO: Set playback speed to 1.2000000000000006
2023-06-08 18:30:01 - INFO: Set playback speed to 1.2100000000000006
2023-06-08 18:30:01 - INFO: Set playback speed to 1.2200000000000006
2023-06-08 18:30:01 - INFO: Set playback speed to 1.2300000000000006
2023-06-08 18:30:01 - INFO: Set playback speed to 1.2400000000000007
2023-06-08 18:30:01 - INFO: Set playback speed to 1.2500000000000007
2023-06-08 18:30:01 - INFO: Set playback speed to 1.2600000000000007
2023-06-08 18:30:01 - INFO: Set playback speed to 1.2700000000000007
2023-06-08 18:30:01 - INFO: Set playback speed to 1.2800000000000007
2023-06-08 18:30:01 - INFO: Set playback speed to 1.2900000000000007
2023-06-08 18:30:01 - INFO: Set playback speed to 1.3000000000000007
2023-06-08 18:30:01 - INFO: Set playback speed to 1.3100000000000007
2023-06-08 18:30:01 - INFO: Set playback speed to 1.3200000000000007
2023-06-08 18:30:01 - INFO: Set playback speed to 1.3300000000000007
2023-06-08 18:30:01 - INFO: Set playback speed to 1.3400000000000007
2023-06-08 18:30:01 - INFO: Set playback speed to 1.3500000000000008
2023-06-08 18:30:01 - INFO: Set playback speed to 1.3600000000000008
2023-06-08 18:30:01 - INFO: Set playback speed to 1.3700000000000008
2023-06-08 18:30:01 - INFO: Set playback speed to 1.3800000000000008
2023-06-08 18:30:01 - INFO: Set playback speed to 1.3900000000000008
2023-06-08 18:30:01 - INFO: Set playback speed to 1.4000000000000008
2023-06-08 18:30:01 - INFO: Set playback speed to 1.4100000000000008
2023-06-08 18:30:01 - INFO: Set playback speed to 1.4200000000000008
2023-06-08 18:30:01 - INFO: Set playback speed to 1.4300000000000008
2023-06-08 18:30:01 - INFO: Set playback speed to 1.4400000000000008
2023-06-08 18:30:02 - INFO: Set playback speed to 1.4500000000000008
2023-06-08 18:30:02 - INFO: Set playback speed to 1.4600000000000009
2023-06-08 18:30:02 - INFO: Set playback speed to 1.4700000000000009
2023-06-08 18:30:02 - INFO: Set playback speed to 1.4800000000000009
2023-06-08 18:30:02 - INFO: Set playback speed to 1.4900000000000009
2023-06-08 18:30:02 - INFO: Set playback speed to 1.5000000000000009
2023-06-08 18:30:02 - INFO: Set playback speed to 1.510000000000001
2023-06-08 18:30:02 - INFO: Set playback speed to 1.520000000000001
2023-06-08 18:30:02 - INFO: Set playback speed to 1.530000000000001
2023-06-08 18:30:02 - INFO: Set playback speed to 1.540000000000001
2023-06-08 18:30:02 - INFO: Set playback speed to 1.550000000000001
2023-06-08 18:30:02 - INFO: Set playback speed to 1.560000000000001
2023-06-08 18:30:02 - INFO: Set playback speed to 1.570000000000001
2023-06-08 18:30:02 - INFO: Set playback speed to 1.580000000000001
2023-06-08 18:30:02 - INFO: Set playback speed to 1.590000000000001
2023-06-08 18:30:02 - INFO: Set playback speed to 1.600000000000001
2023-06-08 18:30:02 - INFO: Set playback speed to 1.610000000000001
2023-06-08 18:30:02 - INFO: Set playback speed to 1.620000000000001
2023-06-08 18:30:02 - INFO: Set playback speed to 1.630000000000001
2023-06-08 18:30:02 - INFO: Set playback speed to 1.640000000000001
2023-06-08 18:30:02 - INFO: Set playback speed to 1.650000000000001
2023-06-08 18:30:02 - INFO: Set playback speed to 1.660000000000001
2023-06-08 18:30:02 - INFO: Set playback speed to 1.670000000000001
2023-06-08 18:30:02 - INFO: Set playback speed to 1.680000000000001
2023-06-08 18:30:02 - INFO: Set playback speed to 1.690000000000001
2023-06-08 18:30:02 - INFO: Set playback speed to 1.700000000000001
2023-06-08 18:30:02 - INFO: Set playback speed to 1.710000000000001
2023-06-08 18:30:02 - INFO: Set playback speed to 1.720000000000001
2023-06-08 18:30:02 - INFO: Set playback speed to 1.730000000000001
2023-06-08 18:30:03 - INFO: Set playback speed to 1.740000000000001
2023-06-08 18:30:03 - INFO: Set playback speed to 1.750000000000001
2023-06-08 18:30:03 - INFO: Set playback speed to 1.7600000000000011
2023-06-08 18:30:03 - INFO: Set playback speed to 1.7700000000000011
2023-06-08 18:30:03 - INFO: Set playback speed to 1.7800000000000011
2023-06-08 18:30:03 - INFO: Set playback speed to 1.7900000000000011
2023-06-08 18:30:03 - INFO: Set playback speed to 1.8000000000000012
2023-06-08 18:30:03 - INFO: Set playback speed to 1.8100000000000012
2023-06-08 18:30:03 - INFO: Set playback speed to 1.8200000000000012
2023-06-08 18:30:03 - INFO: Set playback speed to 1.8300000000000012
2023-06-08 18:30:03 - INFO: Set playback speed to 1.8400000000000012
2023-06-08 18:30:03 - INFO: Set playback speed to 1.8500000000000012
2023-06-08 18:30:03 - INFO: Set playback speed to 1.8600000000000012
2023-06-08 18:30:03 - INFO: Set playback speed to 1.8700000000000012
2023-06-08 18:30:03 - INFO: Set playback speed to 1.8800000000000012
2023-06-08 18:30:03 - INFO: Set playback speed to 1.8900000000000012
2023-06-08 18:30:03 - INFO: Set playback speed to 1.9000000000000012
2023-06-08 18:30:03 - INFO: Set playback speed to 1.9100000000000013
2023-06-08 18:30:03 - INFO: Set playback speed to 1.9200000000000013
2023-06-08 18:30:03 - INFO: Set playback speed to 1.9300000000000013
2023-06-08 18:30:03 - INFO: Set playback speed to 1.9400000000000013
2023-06-08 18:30:03 - INFO: Set playback speed to 1.9500000000000013
2023-06-08 18:30:03 - INFO: Set playback speed to 1.9600000000000013
2023-06-08 18:30:03 - INFO: Set playback speed to 1.9700000000000013
2023-06-08 18:30:03 - INFO: Set playback speed to 1.9800000000000013
2023-06-08 18:30:03 - INFO: Set playback speed to 1.9900000000000013
2023-06-08 18:30:03 - INFO: Set playback speed to 2
2023-06-08 18:30:03 - INFO: Set playback speed to 2
2023-06-08 18:30:03 - INFO: Set playback speed to 2
2023-06-08 18:30:03 - INFO: Set playback speed to 2
2023-06-08 18:30:04 - INFO: Set playback speed to 2
2023-06-08 18:30:04 - INFO: Set playback speed to 2
2023-06-08 18:30:04 - INFO: Set playback speed to 2
2023-06-08 18:30:04 - INFO: Set playback speed to 2
2023-06-08 18:30:04 - INFO: Set playback speed to 2
2023-06-08 18:30:04 - INFO: Set playback speed to 2
2023-06-08 18:30:04 - INFO: Set playback speed to 2
2023-06-08 18:30:04 - INFO: Set playback speed to 2
2023-06-08 18:30:04 - INFO: Set playback speed to 2
2023-06-08 18:30:04 - INFO: Set playback speed to 2
2023-06-08 18:30:04 - INFO: Set playback speed to 2
2023-06-08 18:30:04 - INFO: Set playback speed to 2
2023-06-08 18:30:04 - INFO: Set playback speed to 2
2023-06-08 18:30:04 - INFO: Set playback speed to 2
2023-06-08 18:30:04 - INFO: Set playback speed to 2
2023-06-08 18:30:04 - INFO: Set playback speed to 2
2023-06-08 18:30:04 - INFO: Set playback speed to 2
2023-06-08 18:30:04 - INFO: Set playback speed to 2
2023-06-08 18:30:04 - INFO: Set playback speed to 2
2023-06-08 18:30:04 - INFO: Set playback speed to 2
2023-06-08 18:30:04 - INFO: Set playback speed to 2
2023-06-08 18:30:04 - INFO: Set playback speed to 1.99
2023-06-08 18:30:05 - INFO: Set playback speed to 1.98
2023-06-08 18:30:05 - INFO: Set playback speed to 1.97
2023-06-08 18:30:05 - INFO: Set playback speed to 1.96
2023-06-08 18:30:05 - INFO: Set playback speed to 1.95
2023-06-08 18:30:05 - INFO: Set playback speed to 1.94
2023-06-08 18:30:05 - INFO: Set playback speed to 1.93
2023-06-08 18:30:05 - INFO: Set playback speed to 1.92
2023-06-08 18:30:05 - INFO: Set playback speed to 1.91
2023-06-08 18:30:05 - INFO: Set playback speed to 1.9
2023-06-08 18:30:05 - INFO: Set playback speed to 1.89
2023-06-08 18:30:05 - INFO: Set playback speed to 1.88
2023-06-08 18:30:05 - INFO: Set playback speed to 1.8699999999999999
2023-06-08 18:30:05 - INFO: Set playback speed to 1.8599999999999999
2023-06-08 18:30:05 - INFO: Set playback speed to 1.8499999999999999
2023-06-08 18:30:05 - INFO: Set playback speed to 1.8399999999999999
2023-06-08 18:30:05 - INFO: Set playback speed to 1.8299999999999998
2023-06-08 18:30:05 - INFO: Set playback speed to 1.8199999999999998
2023-06-08 18:30:06 - INFO: Set playback speed to 1.8099999999999998
2023-06-08 18:30:07 - INFO: Reset playback speed to 1x 
2023-06-08 18:30:11 - DEBUG: Ending resampling thread.
2023-06-08 18:30:11 - DEBUG: Ending resampling thread.
2023-06-08 18:30:11 - INFO: Song ended, moving to the next song
2023-06-08 18:30:17 - INFO: Decompressed file: D:\Drumless\A - C\Blue Oyster Cult - (Don't Fear) The Reaper.7z
2023-06-08 18:30:17 - INFO: Will play track from file: D:\Drumless\A - C\Blue Oyster Cult - (Don't Fear) The Reaper.wav
2023-06-08 18:30:17 - INFO: Will play click from file: D:\Drumless\A - C\Blue Oyster Cult - (Don't Fear) The Reaper_click.wav
2023-06-08 18:30:17 - INFO: The new track file is D:\Drumless\A - C\Blue Oyster Cult - (Don't Fear) The Reaper.wav
2023-06-08 18:30:17 - DEBUG: found a possible format marker within [52, 49, 46, 46, d8, 86, 6a, 3, 57, 41, 56, 45, 66, 6d, 74, 20] @ 0+2 bytes.
2023-06-08 18:30:17 - INFO: found the format marker [52, 49, 46, 46] @ 0+2 bytes.
2023-06-08 18:30:17 - INFO: ignoring unknown chunk: tag=bext, len=602.
2023-06-08 18:30:17 - INFO: ignoring unknown chunk: tag=junk, len=74.
2023-06-08 18:30:17 - DEBUG: found a possible format marker within [52, 49, 46, 46, d8, 86, 6a, 3, 57, 41, 56, 45, 66, 6d, 74, 20] @ 0+2 bytes.
2023-06-08 18:30:17 - INFO: found the format marker [52, 49, 46, 46] @ 0+2 bytes.
2023-06-08 18:30:17 - INFO: ignoring unknown chunk: tag=bext, len=602.
2023-06-08 18:30:17 - INFO: ignoring unknown chunk: tag=junk, len=74.
2023-06-08 18:33:22 - INFO: Quitting
2023-06-08 18:33:22 - DEBUG: Ending resampling thread.
2023-06-08 18:33:22 - DEBUG: Ending resampling thread.
2023-06-08 18:33:24 - INFO: No music folder specified, will prompt for one
2023-06-08 18:33:24 - INFO: Initializing with track at position: 1
2023-06-08 18:33:24 - INFO: Initializing with track volume: 1
2023-06-08 18:33:24 - INFO: Initializing with click volume: 1
2023-06-08 18:33:24 - INFO: Initializing with track device: 0
2023-06-08 18:33:24 - INFO: Initializing with click device: 0
2023-06-08 18:33:24 - INFO: Initializing with UI option: true
2023-06-08 18:33:24 - INFO: Initializing with option to print devices: false
2023-06-08 18:33:24 - INFO: Initializing with playback speed: 1
2023-06-08 18:33:24 - INFO: Starting UI
2023-06-08 18:33:25 - INFO: SR, CC, SF: 48000, 2, F32
2023-06-08 18:33:25 - INFO: SR, CC, SF: 48000, 2, F32
2023-06-08 18:33:48 - INFO: Quitting
